<?xml version="1.0" encoding="UTF-8"?>
<testng-results skipped="0" failed="0" ignored="0" total="1" passed="1">
  <reporter-output>
  </reporter-output>
  <suite name="Suite" duration-ms="50" started-at="2021-05-20T16:10:52 IST" finished-at="2021-05-20T16:10:52 IST">
    <groups>
    </groups>
    <test name="Test" duration-ms="50" started-at="2021-05-20T16:10:52 IST" finished-at="2021-05-20T16:10:52 IST">
      <class name="com.test.secondTest">
        <test-method status="PASS" signature="test2()[pri:0, instance:com.test.secondTest@2758fe70]" name="test2" duration-ms="11" started-at="2021-05-20T16:10:52 IST" finished-at="2021-05-20T16:10:52 IST">
          <reporter-output>
          </reporter-output>
        </test-method> <!-- test2 -->
      </class> <!-- com.test.secondTest -->
    </test> <!-- Test -->
  </suite> <!-- Suite -->
</testng-results>
